C:\ProgramFilesX86\The Game Creators\AGK\IDE\JungleSeals\Platedit4\Debug\cl.command.1.tlog
C:\ProgramFilesX86\The Game Creators\AGK\IDE\JungleSeals\Platedit4\Debug\CL.read.1.tlog
C:\ProgramFilesX86\The Game Creators\AGK\IDE\JungleSeals\Platedit4\Debug\CL.write.1.tlog
C:\PROGRAMFILESX86\THE GAME CREATORS\AGK\IDE\JUNGLESEALS\PLATEDIT4\DEBUG\CORE.OBJ
C:\PROGRAMFILESX86\THE GAME CREATORS\AGK\IDE\JUNGLESEALS\PLATEDIT4\DEBUG\DATAEDITOR.OBJ
C:\PROGRAMFILESX86\THE GAME CREATORS\AGK\IDE\JUNGLESEALS\PLATEDIT4\DEBUG\DEBUGCONSOLE.OBJ
C:\PROGRAMFILESX86\THE GAME CREATORS\AGK\IDE\JUNGLESEALS\PLATEDIT4\DEBUG\EDITOR.OBJ
C:\PROGRAMFILESX86\THE GAME CREATORS\AGK\IDE\JUNGLESEALS\PLATEDIT4\DEBUG\GF.OBJ
C:\PROGRAMFILESX86\THE GAME CREATORS\AGK\IDE\JUNGLESEALS\PLATEDIT4\DEBUG\INPUT.OBJ
C:\ProgramFilesX86\The Game Creators\AGK\IDE\JungleSeals\Platedit4\Debug\link.6608.read.1.tlog
C:\ProgramFilesX86\The Game Creators\AGK\IDE\JungleSeals\Platedit4\Debug\link.6608.read.3.tlog
C:\ProgramFilesX86\The Game Creators\AGK\IDE\JungleSeals\Platedit4\Debug\link.6608.write.1.tlog
C:\ProgramFilesX86\The Game Creators\AGK\IDE\JungleSeals\Platedit4\Debug\link.6608-cvtres.read.1.tlog
C:\ProgramFilesX86\The Game Creators\AGK\IDE\JungleSeals\Platedit4\Debug\link.6608-cvtres.write.1.tlog
C:\ProgramFilesX86\The Game Creators\AGK\IDE\JungleSeals\Platedit4\Debug\link.command.1.tlog
C:\ProgramFilesX86\The Game Creators\AGK\IDE\JungleSeals\Platedit4\Debug\link.read.1.tlog
C:\ProgramFilesX86\The Game Creators\AGK\IDE\JungleSeals\Platedit4\Debug\link.read.3.tlog
C:\ProgramFilesX86\The Game Creators\AGK\IDE\JungleSeals\Platedit4\Debug\link.write.1.tlog
C:\ProgramFilesX86\The Game Creators\AGK\IDE\JungleSeals\Platedit4\Debug\link-cvtres.read.1.tlog
C:\ProgramFilesX86\The Game Creators\AGK\IDE\JungleSeals\Platedit4\Debug\link-cvtres.write.1.tlog
C:\ProgramFilesX86\The Game Creators\AGK\IDE\JungleSeals\Platedit4\Debug\mt.command.1.tlog
C:\ProgramFilesX86\The Game Creators\AGK\IDE\JungleSeals\Platedit4\Debug\mt.read.1.tlog
C:\ProgramFilesX86\The Game Creators\AGK\IDE\JungleSeals\Platedit4\Debug\mt.write.1.tlog
C:\PROGRAMFILESX86\THE GAME CREATORS\AGK\IDE\JUNGLESEALS\PLATEDIT4\DEBUG\PART.OBJ
C:\PROGRAMFILESX86\THE GAME CREATORS\AGK\IDE\JUNGLESEALS\PLATEDIT4\DEBUG\PLATEDIT4.EXE.EMBED.MANIFEST
C:\PROGRAMFILESX86\THE GAME CREATORS\AGK\IDE\JUNGLESEALS\PLATEDIT4\DEBUG\PLATEDIT4.EXE.EMBED.MANIFEST.RES
C:\PROGRAMFILESX86\THE GAME CREATORS\AGK\IDE\JUNGLESEALS\PLATEDIT4\DEBUG\PLATEDIT4.EXE.INTERMEDIATE.MANIFEST
C:\PROGRAMFILESX86\THE GAME CREATORS\AGK\IDE\JUNGLESEALS\PLATEDIT4\DEBUG\PLATEDIT4.PDB
C:\ProgramFilesX86\The Game Creators\AGK\IDE\JungleSeals\Platedit4\Debug\Platedit4.write.1.tlog
C:\ProgramFilesX86\The Game Creators\AGK\IDE\JungleSeals\Platedit4\Debug\Platedit4_manifest.rc
C:\ProgramFilesX86\The Game Creators\AGK\IDE\JungleSeals\Platedit4\Debug\rc.command.1.tlog
C:\ProgramFilesX86\The Game Creators\AGK\IDE\JungleSeals\Platedit4\Debug\rc.read.1.tlog
C:\ProgramFilesX86\The Game Creators\AGK\IDE\JungleSeals\Platedit4\Debug\rc.write.1.tlog
C:\PROGRAMFILESX86\THE GAME CREATORS\AGK\IDE\JUNGLESEALS\PLATEDIT4\DEBUG\TEMPLATE.OBJ
C:\PROGRAMFILESX86\THE GAME CREATORS\AGK\IDE\JUNGLESEALS\PLATEDIT4\DEBUG\UI.OBJ
C:\ProgramFilesX86\The Game Creators\AGK\IDE\JungleSeals\Platedit4\Debug\vc100.idb
C:\PROGRAMFILESX86\THE GAME CREATORS\AGK\IDE\JUNGLESEALS\PLATEDIT4\DEBUG\VC100.PDB
C:\PROGRAMFILESX86\THE GAME CREATORS\AGK\IDE\JUNGLESEALS\PLATEDIT4\DEBUG\ZSTRING.OBJ
C:\PROGRAMFILESX86\THE GAME CREATORS\AGK\IDE\JUNGLESEALS\PLATEDIT4\FINAL\PLATEDIT4.EXE
C:\PROGRAMFILESX86\THE GAME CREATORS\AGK\IDE\JUNGLESEALS\PLATEDIT4\FINAL\PLATEDIT4.ILK
