Build started 2014-01-19 21:55:23.
     1>Project "C:\ProgramFilesX86\The Game Creators\AGK\IDE\JungleSeals\Silverheart\Template.vcxproj" on node 2 (build target(s)).
     1>InitializeBuildStatus:
         Creating "Debug\Silverheart.unsuccessfulbuild" because "AlwaysCreate" was specified.
       ClCompile:
         All outputs are up-to-date.
         All outputs are up-to-date.
       ManifestResourceCompile:
         All outputs are up-to-date.
     1>C:\Program Files (x86)\MSBuild\Microsoft.Cpp\v4.0\Microsoft.CppBuild.targets(990,5): warning MSB8012: TargetPath(C:\ProgramFilesX86\The Game Creators\AGK\IDE\JungleSeals\Silverheart\Debug\Silverheart.exe) does not match the Linker's OutputFile property value (C:\ProgramFilesX86\The Game Creators\AGK\IDE\JungleSeals\Silverheart\Final\Silverheart.exe). This may cause your project to build incorrectly. To correct this, please make sure that $(OutDir), $(TargetName) and $(TargetExt) property values match the value specified in %(Link.OutputFile).
       Link:
         All outputs are up-to-date.
       Manifest:
         All outputs are up-to-date.
       FinalizeBuildStatus:
         Deleting file "Debug\Silverheart.unsuccessfulbuild".
         Touching "Debug\Silverheart.lastbuildstate".
     1>Done Building Project "C:\ProgramFilesX86\The Game Creators\AGK\IDE\JungleSeals\Silverheart\Template.vcxproj" (build target(s)).

Build succeeded.

Time Elapsed 00:00:00.05
